<?xml version="1.0" encoding="UTF-8"?>
<TestRun id="166fca16-7a8e-46f3-830c-838507362dad" name="GAG@GAG-PC 2012-07-01 20:05:31" runUser="GAG-PC\GAG" xmlns="http://microsoft.com/schemas/VisualStudio/TeamTest/2010">
  <TestSettings name="Local" id="9e31ffdc-08ce-4399-8c6e-782a089cc61a">
    <Description>These are default test settings for a local test run.</Description>
    <Deployment enabled="false" runDeploymentRoot="GAG_GAG-PC 2012-07-01 20_05_31">
      <DeploymentItem filename="D:\Gustavo\Dropbox\z.Trabalhos\5. Fundação Iolanda Pasca (FIP)\FIP_RC_Desing\Ultilitarios\bin\Debug\Ultilitarios.dll" />
      <DeploymentItem filename="D:\Gustavo\Dropbox\z.Trabalhos\5. Fundação Iolanda Pasca (FIP)\FIP_RC_Desing\DataAcess\bin\Debug\DataAcess.dll" />
    </Deployment>
    <Execution>
      <TestTypeSpecific />
      <AgentRule name="Execution Agents">
      </AgentRule>
    </Execution>
  </TestSettings>
  <Times creation="2012-07-01T20:05:31.7820766-03:00" queuing="2012-07-01T20:05:37.2093578-03:00" start="2012-07-01T20:05:37.6023781-03:00" finish="2012-07-01T20:06:56.1324458-03:00" />
  <ResultSummary outcome="Failed">
    <Counters total="1" executed="1" error="0" failed="1" timeout="0" aborted="0" inconclusive="0" passedButRunAborted="0" notRunnable="0" notExecuted="0" disconnected="0" warning="0" passed="0" completed="0" inProgress="0" pending="0" />
  </ResultSummary>
  <TestDefinitions>
    <UnitTest name="AgruparPorEstado_Test" storage="d:\gustavo\dropbox\z.trabalhos\5. fundação iolanda pasca (fip)\fip_rc_desing\projetodeteste\bin\debug\projetodeteste.dll" id="ad8c38fc-9872-0ea3-99be-3747c9fafaad">
      <Execution id="8ec5dea1-5aab-4dd3-8361-b314cdd517a6" />
      <TestMethod codeBase="D:/Gustavo/Dropbox/z.Trabalhos/5. Fundação Iolanda Pasca (FIP)/FIP_RC_Desing/ProjetoDeTeste/bin/Debug/ProjetoDeTeste.DLL" adapterTypeName="Microsoft.VisualStudio.TestTools.TestTypes.Unit.UnitTestAdapter, Microsoft.VisualStudio.QualityTools.Tips.UnitTest.Adapter, Version=10.0.0.0, Culture=neutral, PublicKeyToken=b03f5f7f11d50a3a" className="ProjetoDeTeste.Usuario_Test, ProjetoDeTeste, Version=1.0.0.0, Culture=neutral, PublicKeyToken=null" name="AgruparPorEstado_Test" />
    </UnitTest>
  </TestDefinitions>
  <TestLists>
    <TestList name="Results Not in a List" id="8c84fa94-04c1-424b-9868-57a2d4851a1d" />
    <TestList name="All Loaded Results" id="19431567-8539-422a-85d7-44ee4e166bda" />
  </TestLists>
  <TestEntries>
    <TestEntry testId="ad8c38fc-9872-0ea3-99be-3747c9fafaad" executionId="8ec5dea1-5aab-4dd3-8361-b314cdd517a6" testListId="8c84fa94-04c1-424b-9868-57a2d4851a1d" />
  </TestEntries>
  <Results>
    <UnitTestResult executionId="8ec5dea1-5aab-4dd3-8361-b314cdd517a6" testId="ad8c38fc-9872-0ea3-99be-3747c9fafaad" testName="AgruparPorEstado_Test" computerName="GAG-PC" duration="00:01:15.8268638" startTime="2012-07-01T20:05:37.8073887-03:00" endTime="2012-07-01T20:06:55.6474206-03:00" testType="13cdc9d9-ddb5-4fa4-a97d-d965ccfc6d4b" outcome="Failed" testListId="8c84fa94-04c1-424b-9868-57a2d4851a1d" relativeResultsDirectory="8ec5dea1-5aab-4dd3-8361-b314cdd517a6">
      <Output>
        <DebugTrace>QTAgent32.exe Error: 0 : Unable to connect to any of the specified MySQL hosts.
</DebugTrace>
        <ErrorInfo>
          <Message>Test method ProjetoDeTeste.Usuario_Test.AgruparPorEstado_Test threw exception: 
System.NullReferenceException: Object reference not set to an instance of an object.</Message>
          <StackTrace>    at System.Data.Objects.ELinq.QueryParameterExpression.EvaluateParameter(Object[] arguments)
   at System.Data.Objects.ELinq.ELinqQueryState.GetExecutionPlan(Nullable`1 forMergeOption)
   at System.Data.Objects.ObjectQuery`1.GetResults(Nullable`1 forMergeOption)
   at System.Data.Objects.ObjectQuery`1.System.Collections.Generic.IEnumerable&lt;T&gt;.GetEnumerator()
   at DataAcess.Usuario.AgruparPorEstado() in D:\Gustavo\Dropbox\z.Trabalhos\5. Fundação Iolanda Pasca (FIP)\FIP_RC_Desing\DataAcess\Usuario.cs:line 204
   at ProjetoDeTeste.Usuario_Test.AgruparPorEstado_Test() in D:\Gustavo\Dropbox\z.Trabalhos\5. Fundação Iolanda Pasca (FIP)\FIP_RC_Desing\ProjetoDeTeste\Clases.cs:line 74
</StackTrace>
        </ErrorInfo>
      </Output>
    </UnitTestResult>
  </Results>
</TestRun>