<?xml version="1.0" encoding="UTF-8"?>
<TestRun id="628a29dd-964b-4cdf-bd7d-9d7c4fbb3641" name="GAG@GAG-PC 2012-07-03 20:20:21" runUser="GAG-PC\GAG" xmlns="http://microsoft.com/schemas/VisualStudio/TeamTest/2010">
  <TestSettings name="Local" id="9e31ffdc-08ce-4399-8c6e-782a089cc61a">
    <Description>These are default test settings for a local test run.</Description>
    <Deployment enabled="false" runDeploymentRoot="GAG_GAG-PC 2012-07-03 20_20_21">
      <DeploymentItem filename="D:\Gustavo\Dropbox\z.Trabalhos\5. Fundação Iolanda Pasca (FIP)\FIP_RC_Desing\DataAcess\bin\Debug\DataAcess.dll" />
      <DeploymentItem filename="D:\Gustavo\Dropbox\z.Trabalhos\5. Fundação Iolanda Pasca (FIP)\FIP_RC_Desing\Ultilitarios\ddls\MySql.Data.dll" />
      <DeploymentItem filename="D:\Gustavo\Dropbox\z.Trabalhos\5. Fundação Iolanda Pasca (FIP)\FIP_RC_Desing\Ultilitarios\bin\Debug\Ultilitarios.dll" />
      <DeploymentItem filename="D:\Gustavo\Dropbox\z.Trabalhos\5. Fundação Iolanda Pasca (FIP)\FIP_RC_Desing\Ultilitarios\ddls\MySql.Data.Entity.dll" />
    </Deployment>
    <Execution>
      <TestTypeSpecific />
      <AgentRule name="Execution Agents">
      </AgentRule>
    </Execution>
  </TestSettings>
  <Times creation="2012-07-03T20:20:21.3287896-03:00" queuing="2012-07-03T20:20:22.8698694-03:00" start="2012-07-03T20:20:23.0058764-03:00" finish="2012-07-03T20:20:54.4325043-03:00" />
  <ResultSummary outcome="Inconclusive">
    <Counters total="1" executed="1" error="0" failed="0" timeout="0" aborted="0" inconclusive="1" passedButRunAborted="0" notRunnable="0" notExecuted="0" disconnected="0" warning="0" passed="0" completed="0" inProgress="0" pending="0" />
  </ResultSummary>
  <TestDefinitions>
    <UnitTest name="AgruparPorEstado_Test" storage="d:\gustavo\dropbox\z.trabalhos\5. fundação iolanda pasca (fip)\fip_rc_desing\projetodeteste\bin\debug\projetodeteste.dll" id="ad8c38fc-9872-0ea3-99be-3747c9fafaad">
      <Execution id="222c8c98-70ee-4aa9-bf69-6843eccac334" />
      <TestMethod codeBase="D:/Gustavo/Dropbox/z.Trabalhos/5. Fundação Iolanda Pasca (FIP)/FIP_RC_Desing/ProjetoDeTeste/bin/Debug/ProjetoDeTeste.DLL" adapterTypeName="Microsoft.VisualStudio.TestTools.TestTypes.Unit.UnitTestAdapter, Microsoft.VisualStudio.QualityTools.Tips.UnitTest.Adapter, Version=10.0.0.0, Culture=neutral, PublicKeyToken=b03f5f7f11d50a3a" className="ProjetoDeTeste.Usuario_Test, ProjetoDeTeste, Version=1.0.0.0, Culture=neutral, PublicKeyToken=null" name="AgruparPorEstado_Test" />
    </UnitTest>
  </TestDefinitions>
  <TestLists>
    <TestList name="Results Not in a List" id="8c84fa94-04c1-424b-9868-57a2d4851a1d" />
    <TestList name="All Loaded Results" id="19431567-8539-422a-85d7-44ee4e166bda" />
  </TestLists>
  <TestEntries>
    <TestEntry testId="ad8c38fc-9872-0ea3-99be-3747c9fafaad" executionId="222c8c98-70ee-4aa9-bf69-6843eccac334" testListId="8c84fa94-04c1-424b-9868-57a2d4851a1d" />
  </TestEntries>
  <Results>
    <UnitTestResult executionId="222c8c98-70ee-4aa9-bf69-6843eccac334" testId="ad8c38fc-9872-0ea3-99be-3747c9fafaad" testName="AgruparPorEstado_Test" computerName="GAG-PC" duration="00:00:30.4354589" startTime="2012-07-03T20:20:23.1328830-03:00" endTime="2012-07-03T20:20:54.3184983-03:00" testType="13cdc9d9-ddb5-4fa4-a97d-d965ccfc6d4b" outcome="Inconclusive" testListId="8c84fa94-04c1-424b-9868-57a2d4851a1d" relativeResultsDirectory="222c8c98-70ee-4aa9-bf69-6843eccac334">
      <Output>
        <ErrorInfo>
          <Message>Assert.Inconclusive failed. A method that does not return a value cannot be verified.</Message>
          <StackTrace>   at ProjetoDeTeste.Usuario_Test.AgruparPorEstado_Test() in D:\Gustavo\Dropbox\z.Trabalhos\5. Fundação Iolanda Pasca (FIP)\FIP_RC_Desing\ProjetoDeTeste\Clases.cs:line 75
</StackTrace>
        </ErrorInfo>
      </Output>
    </UnitTestResult>
  </Results>
</TestRun>